[2021-01-13 13:36:44,362] [views.py:37] [views:get] [ERROR]- module 'userrole.models' has no attribute 'TestUser'
[2021-01-13 13:38:03,667] [views.py:39] [views:get] [ERROR]- module 'userrole.models' has no attribute 'TestUser'
